Flow report for pframe
Sun Dec  2 12:33:35 2018
Quartus Prime Version 18.0.0 Build 614 04/24/2018 SJ Standard Edition


---------------------
; Table of Contents ;
---------------------
  1. Legal Notice
  2. Flow Summary
  3. Flow Settings
  4. Flow Non-Default Global Settings
  5. Flow Elapsed Time
  6. Flow OS Summary
  7. Flow Log
  8. Flow Messages
  9. Flow Suppressed Messages



----------------
; Legal Notice ;
----------------
Copyright (C) 2018  Intel Corporation. All rights reserved.
Your use of Intel Corporation's design tools, logic functions 
and other software and tools, and its AMPP partner logic 
functions, and any output files from any of the foregoing 
(including device programming or simulation files), and any 
associated documentation or information are expressly subject 
to the terms and conditions of the Intel Program License 
Subscription Agreement, the Intel Quartus Prime License Agreement,
the Intel FPGA IP License Agreement, or other applicable license
agreement, including, without limitation, that your use is for
the sole purpose of programming logic devices manufactured by
Intel and sold by Intel or its authorized distributors.  Please
refer to the applicable agreement for further details.



+--------------------------------------------------------------------------------------+
; Flow Summary                                                                         ;
+------------------------------------+-------------------------------------------------+
; Flow Status                        ; Successful - Sun Dec  2 12:33:28 2018           ;
; Quartus Prime Version              ; 18.0.0 Build 614 04/24/2018 SJ Standard Edition ;
; Revision Name                      ; pframe                                          ;
; Top-level Entity Name              ; pframe                                          ;
; Family                             ; Cyclone IV E                                    ;
; Device                             ; EP4CE15E22C8                                    ;
; Timing Models                      ; Final                                           ;
; Total logic elements               ; 8,001 / 15,408 ( 52 % )                         ;
;     Total combinational functions  ; 7,089 / 15,408 ( 46 % )                         ;
;     Dedicated logic registers      ; 4,451 / 15,408 ( 29 % )                         ;
; Total registers                    ; 4451                                            ;
; Total pins                         ; 65 / 82 ( 79 % )                                ;
; Total virtual pins                 ; 0                                               ;
; Total memory bits                  ; 300,032 / 516,096 ( 58 % )                      ;
; Embedded Multiplier 9-bit elements ; 6 / 112 ( 5 % )                                 ;
; Total PLLs                         ; 3 / 4 ( 75 % )                                  ;
+------------------------------------+-------------------------------------------------+


+-----------------------------------------+
; Flow Settings                           ;
+-------------------+---------------------+
; Option            ; Setting             ;
+-------------------+---------------------+
; Start date & time ; 12/02/2018 12:31:23 ;
; Main task         ; Compilation         ;
; Revision Name     ; pframe              ;
+-------------------+---------------------+


+--------------------------------------------------------------------------------------------------------------------------+
; Flow Non-Default Global Settings                                                                                         ;
+--------------------------------------+----------------------------------------+---------------+-------------+------------+
; Assignment Name                      ; Value                                  ; Default Value ; Entity Name ; Section Id ;
+--------------------------------------+----------------------------------------+---------------+-------------+------------+
; COMPILER_SIGNATURE_ID                ; 163683361645535.154373228304555        ; --            ; --          ; --         ;
; ENABLE_SIGNALTAP                     ; Off                                    ; --            ; --          ; --         ;
; FITTER_EFFORT                        ; Standard Fit                           ; Auto Fit      ; --          ; --         ;
; MAX_CORE_JUNCTION_TEMP               ; 85                                     ; --            ; --          ; --         ;
; MIN_CORE_JUNCTION_TEMP               ; 0                                      ; --            ; --          ; --         ;
; MUX_RESTRUCTURE                      ; Off                                    ; Auto          ; --          ; --         ;
; NUM_PARALLEL_PROCESSORS              ; All                                    ; --            ; --          ; --         ;
; OPTIMIZATION_MODE                    ; Aggressive Performance                 ; Balanced      ; --          ; --         ;
; OUTPUT_IO_TIMING_FAR_END_VMEAS       ; Half Signal Swing                      ; --            ; --          ; --         ;
; OUTPUT_IO_TIMING_FAR_END_VMEAS       ; Half Signal Swing                      ; --            ; --          ; --         ;
; OUTPUT_IO_TIMING_NEAR_END_VMEAS      ; Half Vccio                             ; --            ; --          ; --         ;
; OUTPUT_IO_TIMING_NEAR_END_VMEAS      ; Half Vccio                             ; --            ; --          ; --         ;
; PARTITION_COLOR                      ; -- (Not supported for targeted family) ; --            ; --          ; Top        ;
; PARTITION_FITTER_PRESERVATION_LEVEL  ; -- (Not supported for targeted family) ; --            ; --          ; Top        ;
; PARTITION_NETLIST_TYPE               ; -- (Not supported for targeted family) ; --            ; --          ; Top        ;
; PHYSICAL_SYNTHESIS_COMBO_LOGIC       ; On                                     ; Off           ; --          ; --         ;
; PHYSICAL_SYNTHESIS_REGISTER_RETIMING ; On                                     ; Off           ; --          ; --         ;
; PLACEMENT_EFFORT_MULTIPLIER          ; 4.0                                    ; 1.0           ; --          ; --         ;
; POWER_BOARD_THERMAL_MODEL            ; None (CONSERVATIVE)                    ; --            ; --          ; --         ;
; POWER_PRESET_COOLING_SOLUTION        ; 23 MM HEAT SINK WITH 200 LFPM AIRFLOW  ; --            ; --          ; --         ;
; PROJECT_OUTPUT_DIRECTORY             ; output_files                           ; --            ; --          ; --         ;
; ROUTER_TIMING_OPTIMIZATION_LEVEL     ; MAXIMUM                                ; Normal        ; --          ; --         ;
; SEARCH_PATH                          ; ../rtl                                 ; --            ; --          ; --         ;
; SEARCH_PATH                          ; ../../../cores/memcard/rtl             ; --            ; --          ; --         ;
; SEARCH_PATH                          ; ../../../cores/csrbrg/rtl              ; --            ; --          ; --         ;
; SEARCH_PATH                          ; ../../../cores/sysctl/rtl              ; --            ; --          ; --         ;
; SEARCH_PATH                          ; ../../../cores/uart/rtl                ; --            ; --          ; --         ;
; SEARCH_PATH                          ; ../../../cores/conbus/rtl              ; --            ; --          ; --         ;
; SEARCH_PATH                          ; ../../../cores/lm32/rtl                ; --            ; --          ; --         ;
; SMART_RECOMPILE                      ; On                                     ; Off           ; --          ; --         ;
+--------------------------------------+----------------------------------------+---------------+-------------+------------+


+--------------------------------------------------------------------------------------------------------------------------+
; Flow Elapsed Time                                                                                                        ;
+----------------------+--------------+-------------------------+---------------------+------------------------------------+
; Module Name          ; Elapsed Time ; Average Processors Used ; Peak Virtual Memory ; Total CPU Time (on all processors) ;
+----------------------+--------------+-------------------------+---------------------+------------------------------------+
; Analysis & Synthesis ; 00:00:41     ; 1.0                     ; 1144 MB             ; 00:00:54                           ;
; Fitter               ; 00:01:18     ; 1.1                     ; 1640 MB             ; 00:02:16                           ;
; Assembler            ; 00:00:01     ; 1.0                     ; 827 MB              ; 00:00:01                           ;
; Timing Analyzer      ; 00:00:06     ; 1.5                     ; 929 MB              ; 00:00:07                           ;
; Total                ; 00:02:06     ; --                      ; --                  ; 00:03:18                           ;
+----------------------+--------------+-------------------------+---------------------+------------------------------------+


+------------------------------------------------------------------------------------+
; Flow OS Summary                                                                    ;
+----------------------+------------------+------------+------------+----------------+
; Module Name          ; Machine Hostname ; OS Name    ; OS Version ; Processor type ;
+----------------------+------------------+------------+------------+----------------+
; Analysis & Synthesis ; arch-pc          ; Arch Linux ; Arch Linux ; x86_64         ;
; Fitter               ; arch-pc          ; Arch Linux ; Arch Linux ; x86_64         ;
; Assembler            ; arch-pc          ; Arch Linux ; Arch Linux ; x86_64         ;
; Timing Analyzer      ; arch-pc          ; Arch Linux ; Arch Linux ; x86_64         ;
+----------------------+------------------+------------+------------+----------------+


------------
; Flow Log ;
------------
quartus_map --read_settings_files=on --write_settings_files=off pframe -c pframe
quartus_fit --read_settings_files=off --write_settings_files=off pframe -c pframe
quartus_asm --read_settings_files=off --write_settings_files=off pframe -c pframe
quartus_sta pframe -c pframe



